This is XeTeX, Version 3.14159265-2.6-0.999991 (TeX Live 2019/Debian) (preloaded format=xelatex 2021.2.8)  15 APR 2021 12:23
entering extended mode
 restricted \write18 enabled.
 file:line:error style messages enabled.
 %&-line parsing enabled.
**day1.tex
(./day1.tex
LaTeX2e <2020-02-02> patch level 2
L3 programming layer <2020-02-14> (/usr/share/texlive/texmf-dist/tex/latex/beamer/beamer.cls
Document Class: beamer 2019/09/29 v3.57 A class for typesetting presentations
(/usr/share/texlive/texmf-dist/tex/latex/beamer/beamerbasemodes.sty (/usr/share/texlive/texmf-dist/tex/latex/etoolbox/etoolbox.sty
Package: etoolbox 2019/09/21 v2.5h e-TeX tools for LaTeX (JAW)
\etb@tempcnta=\count163
)
\beamer@tempbox=\box45
\beamer@tempcount=\count164
\c@beamerpauses=\count165
 (/usr/share/texlive/texmf-dist/tex/latex/beamer/beamerbasedecode.sty
\beamer@slideinframe=\count166
\beamer@minimum=\count167
\beamer@decode@box=\box46
)
\beamer@commentbox=\box47
\beamer@modecount=\count168
) (/usr/share/texlive/texmf-dist/tex/generic/iftex/ifpdf.sty
Package: ifpdf 2019/10/25 v3.4 ifpdf legacy package. Use iftex instead.
 (/usr/share/texlive/texmf-dist/tex/generic/iftex/iftex.sty
Package: iftex 2019/11/07 v1.0c TeX engine tests
))
\headdp=\dimen134
\footheight=\dimen135
\sidebarheight=\dimen136
\beamer@tempdim=\dimen137
\beamer@finalheight=\dimen138
\beamer@animht=\dimen139
\beamer@animdp=\dimen140
\beamer@animwd=\dimen141
\beamer@leftmargin=\dimen142
\beamer@rightmargin=\dimen143
\beamer@leftsidebar=\dimen144
\beamer@rightsidebar=\dimen145
\beamer@boxsize=\dimen146
\beamer@vboxoffset=\dimen147
\beamer@descdefault=\dimen148
\beamer@descriptionwidth=\dimen149
\beamer@lastskip=\skip47
\beamer@areabox=\box48
\beamer@animcurrent=\box49
\beamer@animshowbox=\box50
\beamer@sectionbox=\box51
\beamer@logobox=\box52
\beamer@linebox=\box53
\beamer@sectioncount=\count169
\beamer@subsubsectionmax=\count170
\beamer@subsectionmax=\count171
\beamer@sectionmax=\count172
\beamer@totalheads=\count173
\beamer@headcounter=\count174
\beamer@partstartpage=\count175
\beamer@sectionstartpage=\count176
\beamer@subsectionstartpage=\count177
\beamer@animationtempa=\count178
\beamer@animationtempb=\count179
\beamer@xpos=\count180
\beamer@ypos=\count181
\beamer@ypos@offset=\count182
\beamer@showpartnumber=\count183
\beamer@currentsubsection=\count184
\beamer@coveringdepth=\count185
\beamer@sectionadjust=\count186
\beamer@tocsectionnumber=\count187
 (/usr/share/texlive/texmf-dist/tex/latex/beamer/beamerbaseoptions.sty (/usr/share/texlive/texmf-dist/tex/latex/graphics/keyval.sty
Package: keyval 2014/10/28 v1.15 key=value parser (DPC)
\KV@toks@=\toks14
))
\beamer@paperwidth=\skip48
\beamer@paperheight=\skip49
 (/usr/share/texlive/texmf-dist/tex/latex/geometry/geometry.sty
Package: geometry 2020/01/02 v5.9 Page Geometry
 (/usr/share/texlive/texmf-dist/tex/generic/iftex/ifvtex.sty
Package: ifvtex 2019/10/25 v1.7 ifvtex legacy package. Use iftex instead.
)
\Gm@cnth=\count188
\Gm@cntv=\count189
\c@Gm@tempcnt=\count190
\Gm@bindingoffset=\dimen150
\Gm@wd@mp=\dimen151
\Gm@odd@mp=\dimen152
\Gm@even@mp=\dimen153
\Gm@layoutwidth=\dimen154
\Gm@layoutheight=\dimen155
\Gm@layouthoffset=\dimen156
\Gm@layoutvoffset=\dimen157
\Gm@dimlist=\toks15
)

Class beamer Warning: ``serif'' is obsolete. Use font theme ``serif'' instead on input line 336.

(/usr/share/texlive/texmf-dist/tex/latex/extsizes/size9.clo
File: size9.clo 1999/11/11 v1.4a NON-Standard LaTeX file (size option)
) (/usr/share/texlive/texmf-dist/tex/latex/pgf/basiclayer/pgfcore.sty (/usr/share/texlive/texmf-dist/tex/latex/graphics/graphicx.sty
Package: graphicx 2019/11/30 v1.2a Enhanced LaTeX Graphics (DPC,SPQR)
 (/usr/share/texlive/texmf-dist/tex/latex/graphics/graphics.sty
Package: graphics 2019/11/30 v1.4a Standard LaTeX Graphics (DPC,SPQR)
 (/usr/share/texlive/texmf-dist/tex/latex/graphics/trig.sty
Package: trig 2016/01/03 v1.10 sin cos tan (DPC)
) (/usr/share/texlive/texmf-dist/tex/latex/graphics-cfg/graphics.cfg
File: graphics.cfg 2016/06/04 v1.11 sample graphics configuration
)
Package graphics Info: Driver file: xetex.def on input line 105.
 (/usr/share/texlive/texmf-dist/tex/latex/graphics-def/xetex.def
File: xetex.def 2017/06/24 v5.0h Graphics/color driver for xetex
))
\Gin@req@height=\dimen158
\Gin@req@width=\dimen159
) (/usr/share/texlive/texmf-dist/tex/latex/pgf/systemlayer/pgfsys.sty (/usr/share/texlive/texmf-dist/tex/latex/pgf/utilities/pgfrcs.sty (/usr/share/texlive/texmf-dist/tex/generic/pgf/utilities/pgfutil-common.tex
\pgfutil@everybye=\toks16
\pgfutil@tempdima=\dimen160
\pgfutil@tempdimb=\dimen161
 (/usr/share/texlive/texmf-dist/tex/generic/pgf/utilities/pgfutil-common-lists.tex)) (/usr/share/texlive/texmf-dist/tex/generic/pgf/utilities/pgfutil-latex.def
\pgfutil@abb=\box54
 (/usr/share/texlive/texmf-dist/tex/latex/ms/everyshi.sty
Package: everyshi 2001/05/15 v3.00 EveryShipout Package (MS)
)) (/usr/share/texlive/texmf-dist/tex/generic/pgf/utilities/pgfrcs.code.tex (/usr/share/texlive/texmf-dist/tex/generic/pgf/pgf.revision.tex)
Package: pgfrcs 2020/01/08 v3.1.5b (3.1.5b)
)) (/usr/share/texlive/texmf-dist/tex/generic/pgf/systemlayer/pgfsys.code.tex
Package: pgfsys 2020/01/08 v3.1.5b (3.1.5b)
 (/usr/share/texlive/texmf-dist/tex/generic/pgf/utilities/pgfkeys.code.tex
\pgfkeys@pathtoks=\toks17
\pgfkeys@temptoks=\toks18
 (/usr/share/texlive/texmf-dist/tex/generic/pgf/utilities/pgfkeysfiltered.code.tex
\pgfkeys@tmptoks=\toks19
))
\pgf@x=\dimen162
\pgf@y=\dimen163
\pgf@xa=\dimen164
\pgf@ya=\dimen165
\pgf@xb=\dimen166
\pgf@yb=\dimen167
\pgf@xc=\dimen168
\pgf@yc=\dimen169
\pgf@xd=\dimen170
\pgf@yd=\dimen171
\w@pgf@writea=\write3
\r@pgf@reada=\read2
\c@pgf@counta=\count191
\c@pgf@countb=\count192
\c@pgf@countc=\count193
\c@pgf@countd=\count194
\t@pgf@toka=\toks20
\t@pgf@tokb=\toks21
\t@pgf@tokc=\toks22
\pgf@sys@id@count=\count195
 (/usr/share/texlive/texmf-dist/tex/generic/pgf/systemlayer/pgf.cfg
File: pgf.cfg 2020/01/08 v3.1.5b (3.1.5b)
)
Driver file for pgf: pgfsys-xetex.def
 (/usr/share/texlive/texmf-dist/tex/generic/pgf/systemlayer/pgfsys-xetex.def
File: pgfsys-xetex.def 2020/01/08 v3.1.5b (3.1.5b)
 (/usr/share/texlive/texmf-dist/tex/generic/pgf/systemlayer/pgfsys-dvipdfmx.def
File: pgfsys-dvipdfmx.def 2020/01/08 v3.1.5b (3.1.5b)
 (/usr/share/texlive/texmf-dist/tex/generic/pgf/systemlayer/pgfsys-common-pdf.def
File: pgfsys-common-pdf.def 2020/01/08 v3.1.5b (3.1.5b)
)
\pgfsys@objnum=\count196
))) (/usr/share/texlive/texmf-dist/tex/generic/pgf/systemlayer/pgfsyssoftpath.code.tex
File: pgfsyssoftpath.code.tex 2020/01/08 v3.1.5b (3.1.5b)
\pgfsyssoftpath@smallbuffer@items=\count197
\pgfsyssoftpath@bigbuffer@items=\count198
) (/usr/share/texlive/texmf-dist/tex/generic/pgf/systemlayer/pgfsysprotocol.code.tex
File: pgfsysprotocol.code.tex 2020/01/08 v3.1.5b (3.1.5b)
)) (/usr/share/texlive/texmf-dist/tex/latex/xcolor/xcolor.sty
Package: xcolor 2016/05/11 v2.12 LaTeX color extensions (UK)
 (/usr/share/texlive/texmf-dist/tex/latex/graphics-cfg/color.cfg
File: color.cfg 2016/01/02 v1.6 sample color configuration
)
Package xcolor Info: Driver file: xetex.def on input line 225.
Package xcolor Info: Model `cmy' substituted by `cmy0' on input line 1348.
Package xcolor Info: Model `RGB' extended on input line 1364.
Package xcolor Info: Model `HTML' substituted by `rgb' on input line 1366.
Package xcolor Info: Model `Hsb' substituted by `hsb' on input line 1367.
Package xcolor Info: Model `tHsb' substituted by `hsb' on input line 1368.
Package xcolor Info: Model `HSB' substituted by `hsb' on input line 1369.
Package xcolor Info: Model `Gray' substituted by `gray' on input line 1370.
Package xcolor Info: Model `wave' substituted by `hsb' on input line 1371.
) (/usr/share/texlive/texmf-dist/tex/generic/pgf/basiclayer/pgfcore.code.tex
Package: pgfcore 2020/01/08 v3.1.5b (3.1.5b)
 (/usr/share/texlive/texmf-dist/tex/generic/pgf/math/pgfmath.code.tex
(/usr/share/texlive/texmf-dist/tex/generic/pgf/math/pgfmathcalc.code.tex (/usr/share/texlive/texmf-dist/tex/generic/pgf/math/pgfmathutil.code.tex) (/usr/share/texlive/texmf-dist/tex/generic/pgf/math/pgfmathparser.code.tex
\pgfmath@dimen=\dimen172
\pgfmath@count=\count199
\pgfmath@box=\box55
\pgfmath@toks=\toks23
\pgfmath@stack@operand=\toks24
\pgfmath@stack@operation=\toks25
) (/usr/share/texlive/texmf-dist/tex/generic/pgf/math/pgfmathfunctions.code.tex (/usr/share/texlive/texmf-dist/tex/generic/pgf/math/pgfmathfunctions.basic.code.tex) (/usr/share/texlive/texmf-dist/tex/generic/pgf/math/pgfmathfunctions.trigonometric.code.tex) (/usr/share/texlive/texmf-dist/tex/generic/pgf/math/pgfmathfunctions.random.code.tex) (/usr/share/texlive/texmf-dist/tex/generic/pgf/math/pgfmathfunctions.comparison.code.tex) (/usr/share/texlive/texmf-dist/tex/generic/pgf/math/pgfmathfunctions.base.code.tex) (/usr/share/texlive/texmf-dist/tex/generic/pgf/math/pgfmathfunctions.round.code.tex) (/usr/share/texlive/texmf-dist/tex/generic/pgf/math/pgfmathfunctions.misc.code.tex) (/usr/share/texlive/texmf-dist/tex/generic/pgf/math/pgfmathfunctions.integerarithmetics.code.tex))) (/usr/share/texlive/texmf-dist/tex/generic/pgf/math/pgfmathfloat.code.tex
\c@pgfmathroundto@lastzeros=\count266
)) (/usr/share/texlive/texmf-dist/tex/generic/pgf/math/pgfint.code.tex) (/usr/share/texlive/texmf-dist/tex/generic/pgf/basiclayer/pgfcorepoints.code.tex
File: pgfcorepoints.code.tex 2020/01/08 v3.1.5b (3.1.5b)
\pgf@picminx=\dimen173
\pgf@picmaxx=\dimen174
\pgf@picminy=\dimen175
\pgf@picmaxy=\dimen176
\pgf@pathminx=\dimen177
\pgf@pathmaxx=\dimen178
\pgf@pathminy=\dimen179
\pgf@pathmaxy=\dimen180
\pgf@xx=\dimen181
\pgf@xy=\dimen182
\pgf@yx=\dimen183
\pgf@yy=\dimen184
\pgf@zx=\dimen185
\pgf@zy=\dimen186
) (/usr/share/texlive/texmf-dist/tex/generic/pgf/basiclayer/pgfcorepathconstruct.code.tex
File: pgfcorepathconstruct.code.tex 2020/01/08 v3.1.5b (3.1.5b)
\pgf@path@lastx=\dimen187
\pgf@path@lasty=\dimen188
) (/usr/share/texlive/texmf-dist/tex/generic/pgf/basiclayer/pgfcorepathusage.code.tex
File: pgfcorepathusage.code.tex 2020/01/08 v3.1.5b (3.1.5b)
\pgf@shorten@end@additional=\dimen189
\pgf@shorten@start@additional=\dimen190
) (/usr/share/texlive/texmf-dist/tex/generic/pgf/basiclayer/pgfcorescopes.code.tex
File: pgfcorescopes.code.tex 2020/01/08 v3.1.5b (3.1.5b)
\pgfpic=\box56
\pgf@hbox=\box57
\pgf@layerbox@main=\box58
\pgf@picture@serial@count=\count267
) (/usr/share/texlive/texmf-dist/tex/generic/pgf/basiclayer/pgfcoregraphicstate.code.tex
File: pgfcoregraphicstate.code.tex 2020/01/08 v3.1.5b (3.1.5b)
\pgflinewidth=\dimen191
) (/usr/share/texlive/texmf-dist/tex/generic/pgf/basiclayer/pgfcoretransformations.code.tex
File: pgfcoretransformations.code.tex 2020/01/08 v3.1.5b (3.1.5b)
\pgf@pt@x=\dimen192
\pgf@pt@y=\dimen193
\pgf@pt@temp=\dimen194
) (/usr/share/texlive/texmf-dist/tex/generic/pgf/basiclayer/pgfcorequick.code.tex
File: pgfcorequick.code.tex 2020/01/08 v3.1.5b (3.1.5b)
) (/usr/share/texlive/texmf-dist/tex/generic/pgf/basiclayer/pgfcoreobjects.code.tex
File: pgfcoreobjects.code.tex 2020/01/08 v3.1.5b (3.1.5b)
) (/usr/share/texlive/texmf-dist/tex/generic/pgf/basiclayer/pgfcorepathprocessing.code.tex
File: pgfcorepathprocessing.code.tex 2020/01/08 v3.1.5b (3.1.5b)
)
(/usr/share/texlive/texmf-dist/tex/generic/pgf/basiclayer/pgfcorearrows.code.tex
File: pgfcorearrows.code.tex 2020/01/08 v3.1.5b (3.1.5b)
\pgfarrowsep=\dimen195
) (/usr/share/texlive/texmf-dist/tex/generic/pgf/basiclayer/pgfcoreshade.code.tex
File: pgfcoreshade.code.tex 2020/01/08 v3.1.5b (3.1.5b)
\pgf@max=\dimen196
\pgf@sys@shading@range@num=\count268
\pgf@shadingcount=\count269
) (/usr/share/texlive/texmf-dist/tex/generic/pgf/basiclayer/pgfcoreimage.code.tex
File: pgfcoreimage.code.tex 2020/01/08 v3.1.5b (3.1.5b)
 (/usr/share/texlive/texmf-dist/tex/generic/pgf/basiclayer/pgfcoreexternal.code.tex
File: pgfcoreexternal.code.tex 2020/01/08 v3.1.5b (3.1.5b)
\pgfexternal@startupbox=\box59
)) (/usr/share/texlive/texmf-dist/tex/generic/pgf/basiclayer/pgfcorelayers.code.tex
File: pgfcorelayers.code.tex 2020/01/08 v3.1.5b (3.1.5b)
) (/usr/share/texlive/texmf-dist/tex/generic/pgf/basiclayer/pgfcoretransparency.code.tex
File: pgfcoretransparency.code.tex 2020/01/08 v3.1.5b (3.1.5b)
) (/usr/share/texlive/texmf-dist/tex/generic/pgf/basiclayer/pgfcorepatterns.code.tex
File: pgfcorepatterns.code.tex 2020/01/08 v3.1.5b (3.1.5b)
) (/usr/share/texlive/texmf-dist/tex/generic/pgf/basiclayer/pgfcorerdf.code.tex
File: pgfcorerdf.code.tex 2020/01/08 v3.1.5b (3.1.5b)
))) (/usr/share/texlive/texmf-dist/tex/latex/pgf/utilities/xxcolor.sty
Package: xxcolor 2003/10/24 ver 0.1
\XC@nummixins=\count270
\XC@countmixins=\count271
) (/usr/share/texlive/texmf-dist/tex/generic/atbegshi/atbegshi.sty
Package: atbegshi 2019/12/05 v1.19 At begin shipout hook (HO)
 (/usr/share/texlive/texmf-dist/tex/generic/infwarerr/infwarerr.sty
Package: infwarerr 2019/12/03 v1.5 Providing info/warning/error messages (HO)
) (/usr/share/texlive/texmf-dist/tex/generic/ltxcmds/ltxcmds.sty
Package: ltxcmds 2019/12/15 v1.24 LaTeX kernel commands for general use (HO)
)) (/usr/share/texlive/texmf-dist/tex/latex/hyperref/hyperref.sty
Package: hyperref 2020/01/14 v7.00d Hypertext links for LaTeX
 (/usr/share/texlive/texmf-dist/tex/latex/pdftexcmds/pdftexcmds.sty
Package: pdftexcmds 2019/11/24 v0.31 Utility functions of pdfTeX for LuaTeX (HO)
Package pdftexcmds Info: \pdf@primitive is available.
Package pdftexcmds Info: \pdf@ifprimitive is available.
Package pdftexcmds Info: \pdfdraftmode not found.
) (/usr/share/texlive/texmf-dist/tex/generic/kvsetkeys/kvsetkeys.sty
Package: kvsetkeys 2019/12/15 v1.18 Key value parser (HO)
) (/usr/share/texlive/texmf-dist/tex/generic/kvdefinekeys/kvdefinekeys.sty
Package: kvdefinekeys 2019-12-19 v1.6 Define keys (HO)
) (/usr/share/texlive/texmf-dist/tex/generic/pdfescape/pdfescape.sty
Package: pdfescape 2019/12/09 v1.15 Implements pdfTeX's escape features (HO)
) (/usr/share/texlive/texmf-dist/tex/latex/hycolor/hycolor.sty
Package: hycolor 2020-01-27 v1.10 Color options for hyperref/bookmark (HO)
) (/usr/share/texlive/texmf-dist/tex/latex/letltxmacro/letltxmacro.sty
Package: letltxmacro 2019/12/03 v1.6 Let assignment for LaTeX macros (HO)
) (/usr/share/texlive/texmf-dist/tex/latex/auxhook/auxhook.sty
Package: auxhook 2019-12-17 v1.6 Hooks for auxiliary files (HO)
) (/usr/share/texlive/texmf-dist/tex/latex/kvoptions/kvoptions.sty
Package: kvoptions 2019/11/29 v3.13 Key value format for package options (HO)
)
\@linkdim=\dimen197
\Hy@linkcounter=\count272
\Hy@pagecounter=\count273
 (/usr/share/texlive/texmf-dist/tex/latex/hyperref/pd1enc.def
File: pd1enc.def 2020/01/14 v7.00d Hyperref: PDFDocEncoding definition (HO)
) (/usr/share/texlive/texmf-dist/tex/generic/intcalc/intcalc.sty
Package: intcalc 2019/12/15 v1.3 Expandable calculations with integers (HO)
) (/usr/share/texlive/texmf-dist/tex/generic/etexcmds/etexcmds.sty
Package: etexcmds 2019/12/15 v1.7 Avoid name clashes with e-TeX commands (HO)
)
\Hy@SavedSpaceFactor=\count274
Package hyperref Info: Option `bookmarks' set `true' on input line 4421.
Package hyperref Info: Option `bookmarksopen' set `true' on input line 4421.
Package hyperref Info: Option `implicit' set `false' on input line 4421.
Package hyperref Info: Hyper figures OFF on input line 4547.
Package hyperref Info: Link nesting OFF on input line 4552.
Package hyperref Info: Hyper index ON on input line 4555.
Package hyperref Info: Plain pages OFF on input line 4562.
Package hyperref Info: Backreferencing OFF on input line 4567.
Package hyperref Info: Implicit mode OFF; no redefinition of LaTeX internals.
Package hyperref Info: Bookmarks ON on input line 4800.
\c@Hy@tempcnt=\count275
 (/usr/share/texlive/texmf-dist/tex/latex/url/url.sty
\Urlmuskip=\muskip16
Package: url 2013/09/16  ver 3.4  Verb mode for urls, etc.
)
LaTeX Info: Redefining \url on input line 5159.
\XeTeXLinkMargin=\dimen198
 (/usr/share/texlive/texmf-dist/tex/generic/bitset/bitset.sty
Package: bitset 2019/12/09 v1.3 Handle bit-vector datatype (HO)
 (/usr/share/texlive/texmf-dist/tex/generic/bigintcalc/bigintcalc.sty
Package: bigintcalc 2019/12/15 v1.5 Expandable calculations on big integers (HO)
))
\Fld@menulength=\count276
\Field@Width=\dimen199
\Fld@charsize=\dimen256
Package hyperref Info: Hyper figures OFF on input line 6430.
Package hyperref Info: Link nesting OFF on input line 6435.
Package hyperref Info: Hyper index ON on input line 6438.
Package hyperref Info: backreferencing OFF on input line 6445.
Package hyperref Info: Link coloring OFF on input line 6450.
Package hyperref Info: Link coloring with OCG OFF on input line 6455.
Package hyperref Info: PDF/A mode OFF on input line 6460.
LaTeX Info: Redefining \ref on input line 6500.
LaTeX Info: Redefining \pageref on input line 6504.
\Hy@abspage=\count277


Package hyperref Message: Stopped early.

)
Package hyperref Info: Driver (autodetected): hxetex.
 (/usr/share/texlive/texmf-dist/tex/latex/hyperref/hxetex.def
File: hxetex.def 2020/01/14 v7.00d Hyperref driver for XeTeX
 (/usr/share/texlive/texmf-dist/tex/latex/hyperref/puenc.def
File: puenc.def 2020/01/14 v7.00d Hyperref: PDF Unicode definition (HO)
) (/usr/share/texlive/texmf-dist/tex/generic/stringenc/stringenc.sty
Package: stringenc 2019/11/29 v1.12 Convert strings between diff. encodings (HO)
)
\pdfm@box=\box60
\c@Hy@AnnotLevel=\count278
\HyField@AnnotCount=\count279
\Fld@listcount=\count280
\c@bookmark@seq@number=\count281
 (/usr/share/texlive/texmf-dist/tex/latex/rerunfilecheck/rerunfilecheck.sty
Package: rerunfilecheck 2019/12/05 v1.9 Rerun checks for auxiliary files (HO)
 (/usr/share/texlive/texmf-dist/tex/latex/atveryend/atveryend.sty
Package: atveryend 2019-12-11 v1.11 Hooks at the very end of document (HO)
) (/usr/share/texlive/texmf-dist/tex/generic/uniquecounter/uniquecounter.sty
Package: uniquecounter 2019/12/15 v1.4 Provide unlimited unique counter (HO)
)
Package uniquecounter Info: New unique counter `rerunfilecheck' on input line 286.
)) (/usr/share/texlive/texmf-dist/tex/generic/stringenc/se-ascii-print.def
File: se-ascii-print.def 2019/11/29 v1.12 stringenc: Printable ASCII characters
) (/usr/share/texlive/texmf-dist/tex/latex/beamer/beamerbaserequires.sty (/usr/share/texlive/texmf-dist/tex/latex/beamer/beamerbasecompatibility.sty) (/usr/share/texlive/texmf-dist/tex/latex/beamer/beamerbasefont.sty (/usr/share/texlive/texmf-dist/tex/latex/amsfonts/amssymb.sty
Package: amssymb 2013/01/14 v3.01 AMS font symbols
 (/usr/share/texlive/texmf-dist/tex/latex/amsfonts/amsfonts.sty
Package: amsfonts 2013/01/14 v3.01 Basic AMSFonts support
\@emptytoks=\toks26
\symAMSa=\mathgroup4
\symAMSb=\mathgroup5
LaTeX Font Info:    Redeclaring math symbol \hbar on input line 98.
LaTeX Font Info:    Overwriting math alphabet `\mathfrak' in version `bold'
(Font)                  U/euf/m/n --> U/euf/b/n on input line 106.
))) (/usr/share/texlive/texmf-dist/tex/latex/beamer/beamerbasetranslator.sty (/usr/share/texlive/texmf-dist/tex/latex/translator/translator.sty
Package: translator 2019-05-31 v1.12a Easy translation of strings in LaTeX
)) (/usr/share/texlive/texmf-dist/tex/latex/beamer/beamerbasemisc.sty) (/usr/share/texlive/texmf-dist/tex/latex/beamer/beamerbasetwoscreens.sty) (/usr/share/texlive/texmf-dist/tex/latex/beamer/beamerbaseoverlay.sty
\beamer@argscount=\count282
\beamer@lastskipcover=\skip50
\beamer@trivlistdepth=\count283
) (/usr/share/texlive/texmf-dist/tex/latex/beamer/beamerbasetitle.sty) (/usr/share/texlive/texmf-dist/tex/latex/beamer/beamerbasesection.sty
\c@lecture=\count284
\c@part=\count285
\c@section=\count286
\c@subsection=\count287
\c@subsubsection=\count288
) (/usr/share/texlive/texmf-dist/tex/latex/beamer/beamerbaseframe.sty
\beamer@framebox=\box61
\beamer@frametitlebox=\box62
\beamer@zoombox=\box63
\beamer@zoomcount=\count289
\beamer@zoomframecount=\count290
\beamer@frametextheight=\dimen257
\c@subsectionslide=\count291
\beamer@frametopskip=\skip51
\beamer@framebottomskip=\skip52
\beamer@frametopskipautobreak=\skip53
\beamer@framebottomskipautobreak=\skip54
\beamer@envbody=\toks27
\framewidth=\dimen258
\c@framenumber=\count292
) (/usr/share/texlive/texmf-dist/tex/latex/beamer/beamerbaseverbatim.sty
\beamer@verbatimfileout=\write4
) (/usr/share/texlive/texmf-dist/tex/latex/beamer/beamerbaseframesize.sty
\beamer@splitbox=\box64
\beamer@autobreakcount=\count293
\beamer@autobreaklastheight=\dimen259
\beamer@frametitletoks=\toks28
\beamer@framesubtitletoks=\toks29
) (/usr/share/texlive/texmf-dist/tex/latex/beamer/beamerbaseframecomponents.sty
\beamer@footins=\box65
) (/usr/share/texlive/texmf-dist/tex/latex/beamer/beamerbasecolor.sty) (/usr/share/texlive/texmf-dist/tex/latex/beamer/beamerbasenotes.sty
\beamer@frameboxcopy=\box66
) (/usr/share/texlive/texmf-dist/tex/latex/beamer/beamerbasetoc.sty) (/usr/share/texlive/texmf-dist/tex/latex/beamer/beamerbasetemplates.sty
\beamer@sbttoks=\toks30
 (/usr/share/texlive/texmf-dist/tex/latex/beamer/beamerbaseauxtemplates.sty
(/usr/share/texlive/texmf-dist/tex/latex/beamer/beamerbaseboxes.sty
\bmb@box=\box67
\bmb@colorbox=\box68
\bmb@boxshadow=\box69
\bmb@boxshadowball=\box70
\bmb@boxshadowballlarge=\box71
\bmb@temp=\dimen260
\bmb@dima=\dimen261
\bmb@dimb=\dimen262
\bmb@prevheight=\dimen263
)
\beamer@blockheadheight=\dimen264
)) (/usr/share/texlive/texmf-dist/tex/latex/beamer/beamerbaselocalstructure.sty (/usr/share/texlive/texmf-dist/tex/latex/tools/enumerate.sty
Package: enumerate 2015/07/23 v3.00 enumerate extensions (DPC)
\@enLab=\toks31
)
\c@figure=\count294
\c@table=\count295
\abovecaptionskip=\skip55
\belowcaptionskip=\skip56
) (/usr/share/texlive/texmf-dist/tex/latex/beamer/beamerbasenavigation.sty
\beamer@section@min@dim=\dimen265
) (/usr/share/texlive/texmf-dist/tex/latex/beamer/beamerbasetheorems.sty (/usr/share/texlive/texmf-dist/tex/latex/amsmath/amsmath.sty
Package: amsmath 2020/01/20 v2.17e AMS math features
\@mathmargin=\skip57

For additional information on amsmath, use the `?' option.
(/usr/share/texlive/texmf-dist/tex/latex/amsmath/amstext.sty
Package: amstext 2000/06/29 v2.01 AMS text
 (/usr/share/texlive/texmf-dist/tex/latex/amsmath/amsgen.sty
File: amsgen.sty 1999/11/30 v2.0 generic functions
\@emptytoks=\toks32
\ex@=\dimen266
)) (/usr/share/texlive/texmf-dist/tex/latex/amsmath/amsbsy.sty
Package: amsbsy 1999/11/29 v1.2d Bold Symbols
\pmbraise@=\dimen267
) (/usr/share/texlive/texmf-dist/tex/latex/amsmath/amsopn.sty
Package: amsopn 2016/03/08 v2.02 operator names
)
\inf@bad=\count296
LaTeX Info: Redefining \frac on input line 227.
\uproot@=\count297
\leftroot@=\count298
LaTeX Info: Redefining \overline on input line 389.
\classnum@=\count299
\DOTSCASE@=\count300
LaTeX Info: Redefining \ldots on input line 486.
LaTeX Info: Redefining \dots on input line 489.
LaTeX Info: Redefining \cdots on input line 610.
\Mathstrutbox@=\box72
\strutbox@=\box73
\big@size=\dimen268
LaTeX Font Info:    Redeclaring font encoding OML on input line 733.
LaTeX Font Info:    Redeclaring font encoding OMS on input line 734.
\macc@depth=\count301
\c@MaxMatrixCols=\count302
\dotsspace@=\muskip17
\c@parentequation=\count303
\dspbrk@lvl=\count304
\tag@help=\toks33
\row@=\count305
\column@=\count306
\maxfields@=\count307
\andhelp@=\toks34
\eqnshift@=\dimen269
\alignsep@=\dimen270
\tagshift@=\dimen271
\tagwidth@=\dimen272
\totwidth@=\dimen273
\lineht@=\dimen274
\@envbody=\toks35
\multlinegap=\skip58
\multlinetaggap=\skip59
\mathdisplay@stack=\toks36
LaTeX Info: Redefining \[ on input line 2859.
LaTeX Info: Redefining \] on input line 2860.
) (/usr/share/texlive/texmf-dist/tex/latex/amscls/amsthm.sty
Package: amsthm 2017/10/31 v2.20.4
\thm@style=\toks37
\thm@bodyfont=\toks38
\thm@headfont=\toks39
\thm@notefont=\toks40
\thm@headpunct=\toks41
\thm@preskip=\skip60
\thm@postskip=\skip61
\thm@headsep=\skip62
\dth@everypar=\toks42
)
\c@theorem=\count308
) (/usr/share/texlive/texmf-dist/tex/latex/beamer/beamerbasethemes.sty)) (/usr/share/texlive/texmf-dist/tex/latex/beamer/beamerthemedefault.sty (/usr/share/texlive/texmf-dist/tex/latex/beamer/beamerfontthemedefault.sty) (/usr/share/texlive/texmf-dist/tex/latex/beamer/beamercolorthemedefault.sty) (/usr/share/texlive/texmf-dist/tex/latex/beamer/beamerinnerthemedefault.sty
\beamer@dima=\dimen275
\beamer@dimb=\dimen276
) (/usr/share/texlive/texmf-dist/tex/latex/beamer/beamerouterthemedefault.sty))) (/usr/share/texlive/texmf-dist/tex/latex/pgf/frontendlayer/tikz.sty (/usr/share/texlive/texmf-dist/tex/latex/pgf/basiclayer/pgf.sty
Package: pgf 2020/01/08 v3.1.5b (3.1.5b)
 (/usr/share/texlive/texmf-dist/tex/generic/pgf/modules/pgfmoduleshapes.code.tex
File: pgfmoduleshapes.code.tex 2020/01/08 v3.1.5b (3.1.5b)
\pgfnodeparttextbox=\box74
) (/usr/share/texlive/texmf-dist/tex/generic/pgf/modules/pgfmoduleplot.code.tex
File: pgfmoduleplot.code.tex 2020/01/08 v3.1.5b (3.1.5b)
) (/usr/share/texlive/texmf-dist/tex/latex/pgf/compatibility/pgfcomp-version-0-65.sty
Package: pgfcomp-version-0-65 2020/01/08 v3.1.5b (3.1.5b)
\pgf@nodesepstart=\dimen277
\pgf@nodesepend=\dimen278
) (/usr/share/texlive/texmf-dist/tex/latex/pgf/compatibility/pgfcomp-version-1-18.sty
Package: pgfcomp-version-1-18 2020/01/08 v3.1.5b (3.1.5b)
)) (/usr/share/texlive/texmf-dist/tex/latex/pgf/utilities/pgffor.sty (/usr/share/texlive/texmf-dist/tex/latex/pgf/utilities/pgfkeys.sty (/usr/share/texlive/texmf-dist/tex/generic/pgf/utilities/pgfkeys.code.tex)) (/usr/share/texlive/texmf-dist/tex/latex/pgf/math/pgfmath.sty (/usr/share/texlive/texmf-dist/tex/generic/pgf/math/pgfmath.code.tex)) (/usr/share/texlive/texmf-dist/tex/generic/pgf/utilities/pgffor.code.tex
Package: pgffor 2020/01/08 v3.1.5b (3.1.5b)
 (/usr/share/texlive/texmf-dist/tex/generic/pgf/math/pgfmath.code.tex)
\pgffor@iter=\dimen279
\pgffor@skip=\dimen280
\pgffor@stack=\toks43
\pgffor@toks=\toks44
)) (/usr/share/texlive/texmf-dist/tex/generic/pgf/frontendlayer/tikz/tikz.code.tex
Package: tikz 2020/01/08 v3.1.5b (3.1.5b)
 (/usr/share/texlive/texmf-dist/tex/generic/pgf/libraries/pgflibraryplothandlers.code.tex
File: pgflibraryplothandlers.code.tex 2020/01/08 v3.1.5b (3.1.5b)
\pgf@plot@mark@count=\count309
\pgfplotmarksize=\dimen281
)
\tikz@lastx=\dimen282
\tikz@lasty=\dimen283
\tikz@lastxsaved=\dimen284
\tikz@lastysaved=\dimen285
\tikz@lastmovetox=\dimen286
\tikz@lastmovetoy=\dimen287
\tikzleveldistance=\dimen288
\tikzsiblingdistance=\dimen289
\tikz@figbox=\box75
\tikz@figbox@bg=\box76
\tikz@tempbox=\box77
\tikz@tempbox@bg=\box78
\tikztreelevel=\count310
\tikznumberofchildren=\count311
\tikznumberofcurrentchild=\count312
\tikz@fig@count=\count313
 (/usr/share/texlive/texmf-dist/tex/generic/pgf/modules/pgfmodulematrix.code.tex
File: pgfmodulematrix.code.tex 2020/01/08 v3.1.5b (3.1.5b)
\pgfmatrixcurrentrow=\count314
\pgfmatrixcurrentcolumn=\count315
\pgf@matrix@numberofcolumns=\count316
)
\tikz@expandcount=\count317

(/usr/share/texlive/texmf-dist/tex/generic/pgf/frontendlayer/tikz/libraries/tikzlibrarytopaths.code.tex
File: tikzlibrarytopaths.code.tex 2020/01/08 v3.1.5b (3.1.5b)
))) (/usr/share/texlive/texmf-dist/tex/latex/float/float.sty
Package: float 2001/11/08 v1.3d Float enhancements (AL)
\c@float@type=\count318
\float@exts=\toks45
\float@box=\box79
\@float@everytoks=\toks46
\@floatcapt=\box80
) (/usr/share/texlive/texmf-dist/tex/latex/import/import.sty
Package: import 2009/03/23  v 5.1
) (/usr/share/texlive/texmf-dist/tex/latex/beamer/beamerthemeRochester.sty (/usr/share/texlive/texmf-dist/tex/latex/beamer/beamerouterthemesidebar.sty
\beamer@sidebarwidth=\dimen290
\beamer@headheight=\dimen291
) (/usr/share/texlive/texmf-dist/tex/latex/beamer/beamerinnerthemerectangles.sty) (/usr/share/texlive/texmf-dist/tex/latex/beamer/beamercolorthemewhale.sty) (/usr/share/texlive/texmf-dist/tex/latex/beamer/beamercolorthemeorchid.sty)) (/usr/share/texmf/tex/latex/base/mycolors.sty
Package: mycolors 
) (/usr/share/texlive/texmf-dist/tex/latex/tools/verbatim.sty
Package: verbatim 2019/11/10 v1.5r LaTeX2e package for verbatim enhancements
\every@verbatim=\toks47
\verbatim@line=\toks48
\verbatim@in@stream=\read3
) (/usr/share/texlive/texmf-dist/tex/latex/thmtools/thmtools.sty
Package: thmtools 2019/12/22 v68
\thmt@toks=\toks49
\c@thmt@dummyctr=\count319
 (/usr/share/texlive/texmf-dist/tex/latex/thmtools/thm-patch.sty
Package: thm-patch 2019/12/22 v68
 (/usr/share/texlive/texmf-dist/tex/latex/thmtools/parseargs.sty
Package: parseargs 2019/12/22 v68
\@parsespec=\toks50
)) (/usr/share/texlive/texmf-dist/tex/latex/thmtools/thm-kv.sty
Package: thm-kv 2019/12/22 v68
Package thm-kv Info: Theorem names will be uppercased on input line 39.
Package thm-kv Info: kvsetkeys patch (v1.16 or later) on input line 155.
) (/usr/share/texlive/texmf-dist/tex/latex/thmtools/thm-autoref.sty
Package: thm-autoref 2019/12/22 v68
 (/usr/share/texlive/texmf-dist/tex/latex/thmtools/aliasctr.sty
Package: aliasctr 2019/12/22 v68
)) (/usr/share/texlive/texmf-dist/tex/latex/thmtools/thm-listof.sty
Package: thm-listof 2019/12/22 v68
) (/usr/share/texlive/texmf-dist/tex/latex/thmtools/thm-restate.sty
Package: thm-restate 2019/12/22 v68
) (/usr/share/texlive/texmf-dist/tex/latex/thmtools/thm-amsthm.sty
Package: thm-amsthm 2019/12/22 v68
\thmt@style@headstyle=\toks51
) (/usr/share/texlive/texmf-dist/tex/latex/thmtools/thm-beamer.sty
Package: thm-beamer 2019/12/22 v68
)) (/usr/share/texlive/texmf-dist/tex/latex/listings/listings.sty
\lst@mode=\count320
\lst@gtempboxa=\box81
\lst@token=\toks52
\lst@length=\count321
\lst@currlwidth=\dimen292
\lst@column=\count322
\lst@pos=\count323
\lst@lostspace=\dimen293
\lst@width=\dimen294
\lst@newlines=\count324
\lst@lineno=\count325
\lst@maxwidth=\dimen295
 (/usr/share/texlive/texmf-dist/tex/latex/listings/lstmisc.sty
File: lstmisc.sty 2019/09/10 1.8c (Carsten Heinz)
\c@lstnumber=\count326
\lst@skipnumbers=\count327
\lst@framebox=\box82
) (/usr/share/texlive/texmf-dist/tex/latex/listings/listings.cfg
File: listings.cfg 2019/09/10 1.8c listings configuration
))
Package: listings 2019/09/10 1.8c (Carsten Heinz)
 (/usr/share/texlive/texmf-dist/tex/latex/chngcntr/chngcntr.sty
Package: chngcntr 2018/04/09 v1.1a change counter resetting
Package chngcntr Info: \counterwithout already defined.
(chngcntr)             Quitting chngcntr on input line 21.
) (/usr/share/texlive/texmf-dist/tex/latex/tcolorbox/tcolorbox.sty
Package: tcolorbox 2019/11/15 version 4.22 text color boxes
 (/usr/share/texlive/texmf-dist/tex/latex/environ/environ.sty
Package: environ 2014/05/04 v0.3 A new way to define environments
 (/usr/share/texlive/texmf-dist/tex/latex/trimspaces/trimspaces.sty
Package: trimspaces 2009/09/17 v1.1 Trim spaces around a token list
))
\tcb@titlebox=\box83
\tcb@upperbox=\box84
\tcb@lowerbox=\box85
\tcb@phantombox=\box86
\c@tcbbreakpart=\count328
\c@tcblayer=\count329
\tcolorbox@number=\count330
\tcb@temp=\box87
\tcb@temp=\box88
\tcb@temp=\box89
\tcb@temp=\box90
\tcb@out=\write5
\tcb@record@out=\write6
 (/usr/share/texlive/texmf-dist/tex/latex/tcolorbox/tcbraster.code.tex
Library (tcolorbox): 'tcbraster.code.tex' version '4.22'
\c@tcbrastercolumn=\count331
\c@tcbrasterrow=\count332
\c@tcbraster=\count333
) (/usr/share/texlive/texmf-dist/tex/latex/tcolorbox/tcbskins.code.tex
Library (tcolorbox): 'tcbskins.code.tex' version '4.22'
\tcb@waterbox=\box91
(/usr/share/texlive/texmf-dist/tex/latex/tcolorbox/tcbskinsjigsaw.code.tex
Library (tcolorbox): 'tcbskinsjigsaw.code.tex' version '4.22'
)) (/usr/share/texlive/texmf-dist/tex/latex/tcolorbox/tcbbreakable.code.tex
Library (tcolorbox): 'tcbbreakable.code.tex' version '4.22'
\tcb@testbox=\box92
\tcb@totalupperbox=\box93
\tcb@totallowerbox=\box94
) (/usr/share/texlive/texmf-dist/tex/latex/tcolorbox/tcbhooks.code.tex
Library (tcolorbox): 'tcbhooks.code.tex' version '4.22'
) (/usr/share/texlive/texmf-dist/tex/latex/tcolorbox/tcbtheorems.code.tex
Library (tcolorbox): 'tcbtheorems.code.tex' version '4.22'
) (/usr/share/texlive/texmf-dist/tex/latex/tcolorbox/tcbfitting.code.tex
Library (tcolorbox): 'tcbfitting.code.tex' version '4.22'
\tcbfitdim=\dimen296
\tcb@lowerfitdim=\dimen297
\tcb@upperfitdim=\dimen298
\tcb@cur@hbadness=\count334
) (/usr/share/texlive/texmf-dist/tex/latex/tcolorbox/tcbxparse.code.tex
Library (tcolorbox): 'tcbxparse.code.tex' version '4.22'
(/usr/share/texlive/texmf-dist/tex/latex/l3packages/xparse/xparse.sty (/usr/share/texlive/texmf-dist/tex/latex/l3kernel/expl3.sty
Package: expl3 2020-02-14 L3 programming layer (loader) 
 (/usr/share/texlive/texmf-dist/tex/latex/l3backend/l3backend-xdvipdfmx.def
File: l3backend-xdvipdfmx.def 2020-02-03 L3 backend support: xdvipdfmx
\g__graphics_track_int=\count335
\l__pdf_internal_box=\box95
\g__pdf_backend_object_int=\count336
\g__pdf_backend_annotation_int=\count337
))
Package: xparse 2020-02-14 L3 Experimental document command parser
\l__xparse_current_arg_int=\count338
\g__xparse_grabber_int=\count339
\l__xparse_m_args_int=\count340
\l__xparse_v_nesting_int=\count341
)) (/usr/share/texlive/texmf-dist/tex/latex/tcolorbox/tcblistingsutf8.code.tex
Library (tcolorbox): 'tcblistingsutf8.code.tex' version '4.22'
(/usr/share/texlive/texmf-dist/tex/latex/listingsutf8/listingsutf8.sty
Package: listingsutf8 2019-12-10 v1.5 Allow UTF-8 in listings input (HO)


Package listingsutf8 Warning: Package loading is aborted because of missing \pdf@unescapehex.
(listingsutf8)                It is provided by pdfTeX >= 1.30.

) (/usr/share/texlive/texmf-dist/tex/latex/tcolorbox/tcblistings.code.tex
Library (tcolorbox): 'tcblistings.code.tex' version '4.22'
(/usr/share/texlive/texmf-dist/tex/latex/tcolorbox/tcblistingscore.code.tex
Library (tcolorbox): 'tcblistingscore.code.tex' version '4.22'
(/usr/share/texlive/texmf-dist/tex/latex/tcolorbox/tcbprocessing.code.tex
Library (tcolorbox): 'tcbprocessing.code.tex' version '4.22'
(/usr/share/texlive/texmf-dist/tex/latex/tools/shellesc.sty
Package: shellesc 2019/11/08 v1.0c unified shell escape interface for LaTeX
Package shellesc Info: Restricted shell escape enabled on input line 77.
))
\c@tcblisting=\count342
))) (/usr/share/texlive/texmf-dist/tex/latex/tcolorbox/tcbexternal.code.tex
Library (tcolorbox): 'tcbexternal.code.tex' version '4.22'
) (/usr/share/texlive/texmf-dist/tex/latex/tcolorbox/tcbmagazine.code.tex
Library (tcolorbox): 'tcbmagazine.code.tex' version '4.22'
) (/usr/share/texlive/texmf-dist/tex/latex/tcolorbox/tcbvignette.code.tex
Library (tcolorbox): 'tcbvignette.code.tex' version '4.22'
(/usr/share/texlive/texmf-dist/tex/generic/pgf/frontendlayer/tikz/libraries/tikzlibraryfadings.code.tex
File: tikzlibraryfadings.code.tex 2020/01/08 v3.1.5b (3.1.5b)
 (/usr/share/texlive/texmf-dist/tex/generic/pgf/libraries/pgflibraryfadings.code.tex
File: pgflibraryfadings.code.tex 2020/01/08 v3.1.5b (3.1.5b)
))) (/usr/share/texlive/texmf-dist/tex/latex/tcolorbox/tcbposter.code.tex
Library (tcolorbox): 'tcbposter.code.tex' version '4.22'
)) (/usr/share/texlive/texmf-dist/tex/latex/base/ifthen.sty
Package: ifthen 2014/09/29 v1.1c Standard LaTeX ifthen package (DPC)
) (/usr/share/texlive/texmf-dist/tex/latex/xifthen/xifthen.sty
Package: xifthen 2015/11/05 v1.4.0 Extended ifthen features
 (/usr/share/texlive/texmf-dist/tex/latex/tools/calc.sty
Package: calc 2017/05/25 v4.3 Infix arithmetic (KKT,FJ)
\calc@Acount=\count343
\calc@Bcount=\count344
\calc@Adimen=\dimen299
\calc@Bdimen=\dimen300
\calc@Askip=\skip63
\calc@Bskip=\skip64
LaTeX Info: Redefining \setlength on input line 80.
LaTeX Info: Redefining \addtolength on input line 81.
\calc@Ccount=\count345
\calc@Cskip=\skip65
) (/usr/share/texlive/texmf-dist/tex/latex/ifmtarg/ifmtarg.sty
Package: ifmtarg 2018/04/16 v1.2b check for an empty argument
)) (/usr/share/texlive/texmf-dist/tex/latex/mdframed/mdframed.sty
Package: mdframed 2013/07/01 1.9b: mdframed
 (/usr/share/texlive/texmf-dist/tex/latex/zref/zref-abspage.sty
Package: zref-abspage 2019/11/29 v2.28 Module abspage for zref (HO)
 (/usr/share/texlive/texmf-dist/tex/latex/zref/zref-base.sty
Package: zref-base 2019/11/29 v2.28 Module base for zref (HO)
Package zref Info: New property list: main on input line 763.
Package zref Info: New property: default on input line 764.
Package zref Info: New property: page on input line 765.
)
\c@abspage=\count346
Package zref Info: New property: abspage on input line 66.
) (/usr/share/texlive/texmf-dist/tex/latex/needspace/needspace.sty
Package: needspace 2010/09/12 v1.3d reserve vertical space
)
\mdf@templength=\skip66
\c@mdf@globalstyle@cnt=\count347
\mdf@skipabove@length=\skip67
\mdf@skipbelow@length=\skip68
\mdf@leftmargin@length=\skip69
\mdf@rightmargin@length=\skip70
\mdf@innerleftmargin@length=\skip71
\mdf@innerrightmargin@length=\skip72
\mdf@innertopmargin@length=\skip73
\mdf@innerbottommargin@length=\skip74
\mdf@splittopskip@length=\skip75
\mdf@splitbottomskip@length=\skip76
\mdf@outermargin@length=\skip77
\mdf@innermargin@length=\skip78
\mdf@linewidth@length=\skip79
\mdf@innerlinewidth@length=\skip80
\mdf@middlelinewidth@length=\skip81
\mdf@outerlinewidth@length=\skip82
\mdf@roundcorner@length=\skip83
\mdf@footenotedistance@length=\skip84
\mdf@userdefinedwidth@length=\skip85
\mdf@needspace@length=\skip86
\mdf@frametitleaboveskip@length=\skip87
\mdf@frametitlebelowskip@length=\skip88
\mdf@frametitlerulewidth@length=\skip89
\mdf@frametitleleftmargin@length=\skip90
\mdf@frametitlerightmargin@length=\skip91
\mdf@shadowsize@length=\skip92
\mdf@extratopheight@length=\skip93
\mdf@subtitleabovelinewidth@length=\skip94
\mdf@subtitlebelowlinewidth@length=\skip95
\mdf@subtitleaboveskip@length=\skip96
\mdf@subtitlebelowskip@length=\skip97
\mdf@subtitleinneraboveskip@length=\skip98
\mdf@subtitleinnerbelowskip@length=\skip99
\mdf@subsubtitleabovelinewidth@length=\skip100
\mdf@subsubtitlebelowlinewidth@length=\skip101
\mdf@subsubtitleaboveskip@length=\skip102
\mdf@subsubtitlebelowskip@length=\skip103
\mdf@subsubtitleinneraboveskip@length=\skip104
\mdf@subsubtitleinnerbelowskip@length=\skip105
 (/usr/share/texlive/texmf-dist/tex/latex/mdframed/md-frame-1.mdf
File: md-frame-1.mdf 2013/07/01\ 1.9b: md-frame-1
)
\mdf@frametitlebox=\box96
\mdf@footnotebox=\box97
\mdf@splitbox@one=\box98
\mdf@splitbox@two=\box99
\mdf@splitbox@save=\box100
\mdfsplitboxwidth=\skip106
\mdfsplitboxtotalwidth=\skip107
\mdfsplitboxheight=\skip108
\mdfsplitboxdepth=\skip109
\mdfsplitboxtotalheight=\skip110
\mdfframetitleboxwidth=\skip111
\mdfframetitleboxtotalwidth=\skip112
\mdfframetitleboxheight=\skip113
\mdfframetitleboxdepth=\skip114
\mdfframetitleboxtotalheight=\skip115
\mdffootnoteboxwidth=\skip116
\mdffootnoteboxtotalwidth=\skip117
\mdffootnoteboxheight=\skip118
\mdffootnoteboxdepth=\skip119
\mdffootnoteboxtotalheight=\skip120
\mdftotallinewidth=\skip121
\mdfboundingboxwidth=\skip122
\mdfboundingboxtotalwidth=\skip123
\mdfboundingboxheight=\skip124
\mdfboundingboxdepth=\skip125
\mdfboundingboxtotalheight=\skip126
\mdf@freevspace@length=\skip127
\mdf@horizontalwidthofbox@length=\skip128
\mdf@verticalmarginwhole@length=\skip129
\mdf@horizontalspaceofbox=\skip130
\mdfsubtitleheight=\skip131
\mdfsubsubtitleheight=\skip132
\c@mdfcountframes=\count348

****** mdframed patching \endmdf@trivlist

****** -- failed******

\mdf@envdepth=\count349
\c@mdf@env@i=\count350
\c@mdf@env@ii=\count351
\c@mdf@zref@counter=\count352
Package zref Info: New property: mdf@pagevalue on input line 895.
)
Package thmtools Info: Key `qed' (with value `\qedsymbol ')
(thmtools)             is not a known style key.
(thmtools)             Will pass this to every \declaretheorem
(thmtools)             that uses `style=solutionstyle' on input line 29.
\c@solution.=\count353
\c@idea=\count354
\c@problem.=\count355
 (/usr/share/texlive/texmf-dist/tex/latex/pdfpages/pdfpages.sty
Package: pdfpages 2020/01/28 v0.5q Insert pages of external PDF documents (AM)
 (/usr/share/texlive/texmf-dist/tex/latex/eso-pic/eso-pic.sty
Package: eso-pic 2018/04/12 v2.0h eso-pic (RN)
)
\AM@pagewidth=\dimen301
\AM@pageheight=\dimen302
 (/usr/share/texlive/texmf-dist/tex/latex/pdfpages/ppxetex.def
File: ppxetex.def 2020/01/28 v0.5q Pdfpages driver for XeTeX (AM)
)
\AM@pagebox=\box101
\AM@global@opts=\toks53
\AM@pagecnt=\count356
\AM@toc@title=\toks54
\c@AM@survey=\count357
\AM@templatesizebox=\box102
) (/usr/share/texlive/texmf-dist/tex/latex/transparent/transparent.sty
Package: transparent 2019/11/29 v1.4 Transparency via pdfTeX's color stack (HO)


Package transparent Warning: Loading aborted, because pdfTeX is not running in PDF mode.

) (./day1.aux

LaTeX Warning: Label `' multiply defined.


LaTeX Warning: Label `Problem 1 Diagram' multiply defined.


LaTeX Warning: Label `' multiply defined.


LaTeX Warning: Label `' multiply defined.


LaTeX Warning: Label `' multiply defined.


LaTeX Warning: Label `' multiply defined.


LaTeX Warning: Label `' multiply defined.


LaTeX Warning: Label `' multiply defined.


LaTeX Warning: Label `' multiply defined.


LaTeX Warning: Label `' multiply defined.


LaTeX Warning: Label `' multiply defined.


LaTeX Warning: Label `' multiply defined.


LaTeX Warning: Label `' multiply defined.


LaTeX Warning: Label ` ' multiply defined.


LaTeX Warning: Label ` ' multiply defined.


LaTeX Warning: Label ` ' multiply defined.


LaTeX Warning: Label ` ' multiply defined.


LaTeX Warning: Label ` ' multiply defined.


LaTeX Warning: Label ` ' multiply defined.


LaTeX Warning: Label `' multiply defined.


LaTeX Warning: Label ` ' multiply defined.


LaTeX Warning: Label ` ' multiply defined.


LaTeX Warning: Label ` ' multiply defined.


LaTeX Warning: Label ` ' multiply defined.


LaTeX Warning: Label ` ' multiply defined.


LaTeX Warning: Label ` ' multiply defined.


LaTeX Warning: Label ` ' multiply defined.


LaTeX Warning: Label ` ' multiply defined.


LaTeX Warning: Label `' multiply defined.

)
\openout1 = `day1.aux'.

LaTeX Font Info:    Checking defaults for OML/cmm/m/it on input line 88.
LaTeX Font Info:    ... okay on input line 88.
LaTeX Font Info:    Checking defaults for OMS/cmsy/m/n on input line 88.
LaTeX Font Info:    ... okay on input line 88.
LaTeX Font Info:    Checking defaults for OT1/cmr/m/n on input line 88.
LaTeX Font Info:    ... okay on input line 88.
LaTeX Font Info:    Checking defaults for T1/cmr/m/n on input line 88.
LaTeX Font Info:    ... okay on input line 88.
LaTeX Font Info:    Checking defaults for TS1/cmr/m/n on input line 88.
LaTeX Font Info:    Trying to load font information for TS1+cmr on input line 88.
 (/usr/share/texlive/texmf-dist/tex/latex/base/ts1cmr.fd
File: ts1cmr.fd 2019/12/16 v2.5j Standard LaTeX font definitions
)
LaTeX Font Info:    ... okay on input line 88.
LaTeX Font Info:    Checking defaults for TU/lmr/m/n on input line 88.
LaTeX Font Info:    ... okay on input line 88.
LaTeX Font Info:    Checking defaults for OMX/cmex/m/n on input line 88.
LaTeX Font Info:    ... okay on input line 88.
LaTeX Font Info:    Checking defaults for U/cmr/m/n on input line 88.
LaTeX Font Info:    ... okay on input line 88.
LaTeX Font Info:    Checking defaults for PD1/pdf/m/n on input line 88.
LaTeX Font Info:    ... okay on input line 88.
LaTeX Font Info:    Checking defaults for PU/pdf/m/n on input line 88.
LaTeX Font Info:    ... okay on input line 88.

*geometry* driver: auto-detecting
*geometry* detected driver: xetex
*geometry* verbose mode - [ preamble ] result:
* driver: xetex
* paper: custom
* layout: <same size as paper>
* layoutoffset:(h,v)=(0.0pt,0.0pt)
* modes: includehead includefoot 
* h-part:(L,W,R)=(28.45274pt, 307.28987pt, 28.45274pt)
* v-part:(T,H,B)=(0.0pt, 273.14662pt, 0.0pt)
* \paperwidth=364.19536pt
* \paperheight=273.14662pt
* \textwidth=307.28987pt
* \textheight=244.6939pt
* \oddsidemargin=-43.81725pt
* \evensidemargin=-43.81725pt
* \topmargin=-72.26999pt
* \headheight=14.22636pt
* \headsep=0.0pt
* \topskip=9.0pt
* \footskip=14.22636pt
* \marginparwidth=4.0pt
* \marginparsep=10.0pt
* \columnsep=10.0pt
* \skip\footins=8.0pt plus 4.0pt minus 2.0pt
* \hoffset=0.0pt
* \voffset=0.0pt
* \mag=1000
* \@twocolumnfalse
* \@twosidefalse
* \@mparswitchfalse
* \@reversemarginfalse
* (1in=72.27pt=25.4mm, 1cm=28.453pt)

ABD: EveryShipout initializing macros
\AtBeginShipoutBox=\box103
Package hyperref Info: Link coloring OFF on input line 88.
 (/usr/share/texlive/texmf-dist/tex/latex/hyperref/nameref.sty
Package: nameref 2019/09/16 v2.46 Cross-referencing by name of section
 (/usr/share/texlive/texmf-dist/tex/latex/refcount/refcount.sty
Package: refcount 2019/12/15 v3.6 Data extraction from label references (HO)
) (/usr/share/texlive/texmf-dist/tex/generic/gettitlestring/gettitlestring.sty
Package: gettitlestring 2019/12/15 v1.6 Cleanup title references (HO)
)
\c@section@level=\count358
)
LaTeX Info: Redefining \ref on input line 88.
LaTeX Info: Redefining \pageref on input line 88.
LaTeX Info: Redefining \nameref on input line 88.
 (./day1.out) (./day1.out)
\@outlinefile=\write7
\openout7 = `day1.out'.

\symnumbers=\mathgroup6
\sympureletters=\mathgroup7
LaTeX Font Info:    Overwriting math alphabet `\mathrm' in version `normal'
(Font)                  OT1/cmr/m/n --> TU/lmr/m/n on input line 88.
LaTeX Font Info:    Redeclaring math alphabet \mathbf on input line 88.
LaTeX Font Info:    Overwriting math alphabet `\mathbf' in version `normal'
(Font)                  OT1/cmr/bx/n --> TU/lmr/b/n on input line 88.
LaTeX Font Info:    Overwriting math alphabet `\mathbf' in version `bold'
(Font)                  OT1/cmr/bx/n --> TU/lmr/b/n on input line 88.
LaTeX Font Info:    Redeclaring math alphabet \mathsf on input line 88.
LaTeX Font Info:    Overwriting math alphabet `\mathsf' in version `normal'
(Font)                  OT1/cmss/m/n --> TU/lmss/m/n on input line 88.
LaTeX Font Info:    Overwriting math alphabet `\mathsf' in version `bold'
(Font)                  OT1/cmss/bx/n --> TU/lmss/m/n on input line 88.
LaTeX Font Info:    Redeclaring math alphabet \mathit on input line 88.
LaTeX Font Info:    Overwriting math alphabet `\mathit' in version `normal'
(Font)                  OT1/cmr/m/it --> TU/lmr/m/it on input line 88.
LaTeX Font Info:    Overwriting math alphabet `\mathit' in version `bold'
(Font)                  OT1/cmr/bx/it --> TU/lmr/m/it on input line 88.
LaTeX Font Info:    Redeclaring math alphabet \mathtt on input line 88.
LaTeX Font Info:    Overwriting math alphabet `\mathtt' in version `normal'
(Font)                  OT1/cmtt/m/n --> TU/lmtt/m/n on input line 88.
LaTeX Font Info:    Overwriting math alphabet `\mathtt' in version `bold'
(Font)                  OT1/cmtt/m/n --> TU/lmtt/m/n on input line 88.
LaTeX Font Info:    Overwriting symbol font `numbers' in version `bold'
(Font)                  TU/lmr/m/n --> TU/lmr/b/n on input line 88.
LaTeX Font Info:    Overwriting symbol font `pureletters' in version `bold'
(Font)                  TU/lmr/m/it --> TU/lmr/b/it on input line 88.
LaTeX Font Info:    Overwriting math alphabet `\mathrm' in version `bold'
(Font)                  OT1/cmr/bx/n --> TU/lmr/b/n on input line 88.
LaTeX Font Info:    Overwriting math alphabet `\mathbf' in version `bold'
(Font)                  TU/lmr/b/n --> TU/lmr/b/n on input line 88.
LaTeX Font Info:    Overwriting math alphabet `\mathsf' in version `bold'
(Font)                  TU/lmss/m/n --> TU/lmss/b/n on input line 88.
LaTeX Font Info:    Overwriting math alphabet `\mathit' in version `bold'
(Font)                  TU/lmr/m/it --> TU/lmr/b/it on input line 88.
LaTeX Font Info:    Overwriting math alphabet `\mathtt' in version `bold'
(Font)                  TU/lmtt/m/n --> TU/lmtt/b/n on input line 88.
 (/usr/share/texlive/texmf-dist/tex/latex/translator/translator-basic-dictionary-English.dict
Dictionary: translator-basic-dictionary, Language: English 
) (/usr/share/texlive/texmf-dist/tex/latex/translator/translator-bibliography-dictionary-English.dict
Dictionary: translator-bibliography-dictionary, Language: English 
) (/usr/share/texlive/texmf-dist/tex/latex/translator/translator-environment-dictionary-English.dict
Dictionary: translator-environment-dictionary, Language: English 
) (/usr/share/texlive/texmf-dist/tex/latex/translator/translator-months-dictionary-English.dict
Dictionary: translator-months-dictionary, Language: English 
) (/usr/share/texlive/texmf-dist/tex/latex/translator/translator-numbers-dictionary-English.dict
Dictionary: translator-numbers-dictionary, Language: English 
) (/usr/share/texlive/texmf-dist/tex/latex/translator/translator-theorem-dictionary-English.dict
Dictionary: translator-theorem-dictionary, Language: English 
)
\c@lstlisting=\count359
 (/usr/share/texlive/texmf-dist/tex/latex/base/inputenc.sty
Package: inputenc 2018/08/11 v1.3c Input encoding file
\inpenc@prehook=\toks55
\inpenc@posthook=\toks56
) (/usr/share/texlive/texmf-dist/tex/latex/pdflscape/pdflscape.sty
Package: pdflscape 2019/12/05 v0.12 Display of landscape pages in PDF (HO)
 (/usr/share/texlive/texmf-dist/tex/latex/graphics/lscape.sty
Package: lscape 2000/10/22 v3.01 Landscape Pages (DPC)
)
Package pdflscape Info: Auto-detected driver: dvipdfm (xetex) on input line 98.
) (./day1.nav) [1

]
File: f1.png Graphic file (type bmp)
<f1.png>
LaTeX Font Info:    Trying to load font information for U+msa on input line 95.
 (/usr/share/texlive/texmf-dist/tex/latex/amsfonts/umsa.fd
File: umsa.fd 2013/01/14 v3.01 AMS symbols A
)
LaTeX Font Info:    Trying to load font information for U+msb on input line 95.
 (/usr/share/texlive/texmf-dist/tex/latex/amsfonts/umsb.fd
File: umsb.fd 2013/01/14 v3.01 AMS symbols B
) [2

] [3

] (./drawing2.pdf_tex
File: drawing2.pdf Graphic file (type pdf)
<use drawing2.pdf, page 1>
LaTeX Font Info:    Calculating math sizes for size <35> on input line 57.


LaTeX Font Warning: Font shape `OT1/cmr/m/n' in size <35> not available
(Font)              size <35.83> substituted on input line 57.


LaTeX Font Warning: Font shape `OML/cmm/m/it' in size <35> not available
(Font)              size <24.88> substituted on input line 57.


LaTeX Font Warning: Font shape `OMS/cmsy/m/n' in size <35> not available
(Font)              size <24.88> substituted on input line 57.

File: drawing2.pdf Graphic file (type pdf)
<use drawing2.pdf, page 2>
) [4

] (./180angle.pdf_tex
File: 180angle.pdf Graphic file (type pdf)
<use 180angle.pdf, page 1>
) [5

] (./N2L-1.pdf_tex
File: N2L-1.pdf Graphic file (type pdf)
<use N2L-1.pdf, page 1>
) [6

] (./N2L-2.pdf_tex
File: N2L-2.pdf Graphic file (type pdf)
<use N2L-2.pdf, page 1>
File: N2L-2.pdf Graphic file (type pdf)
<use N2L-2.pdf, page 2>
) [7

] (./prob1-8.pdf_tex
File: prob1-8.pdf Graphic file (type pdf)
<use prob1-8.pdf, page 1>
File: prob1-8.pdf Graphic file (type pdf)
<use prob1-8.pdf, page 2>
)

Package hyperref Warning: Ignoring empty anchor on input line 163.


Overfull \vbox (3.41537pt too high) detected at line 163
 []

[8

] (./prob1-9.pdf_tex
File: prob1-9.pdf Graphic file (type pdf)
<use prob1-9.pdf, page 1>
File: prob1-9.pdf Graphic file (type pdf)
<use prob1-9.pdf, page 2>
)

Package hyperref Warning: Ignoring empty anchor on input line 175.

[9

] (./prob1-9.pdf_tex
File: prob1-9.pdf Graphic file (type pdf)
<use prob1-9.pdf, page 1>
File: prob1-9.pdf Graphic file (type pdf)
<use prob1-9.pdf, page 2>
) [10

] (./prob1-9.pdf_tex
File: prob1-9.pdf Graphic file (type pdf)
<use prob1-9.pdf, page 1>
File: prob1-9.pdf Graphic file (type pdf)
<use prob1-9.pdf, page 2>
) [11

]
Underfull \hbox (badness 1231) in paragraph at lines 198--198
[]\TU/lmr/m/n/9 We will use vectors very often in
 []

[12

]
Underfull \hbox (badness 1231) in paragraph at lines 198--198
[]\TU/lmr/m/n/9 We will use vectors very often in
 []

[13

]
Underfull \hbox (badness 1231) in paragraph at lines 198--198
[]\TU/lmr/m/n/9 We will use vectors very often in
 []

[14

]
Underfull \hbox (badness 1231) in paragraph at lines 198--198
[]\TU/lmr/m/n/9 We will use vectors very often in
 []

[15

] [16

] [17

]
File: sinelawpic.png Graphic file (type bmp)
<sinelawpic.png>
 [18

] [19

]
File: sinelawpic.png Graphic file (type bmp)
<sinelawpic.png>

Overfull \vbox (26.61594pt too high) detected at line 264
 []

[20

] [21

] (./prob1-1.pdf_tex
File: prob1-1.pdf Graphic file (type pdf)
<use prob1-1.pdf, page 1>
File: prob1-1.pdf Graphic file (type pdf)
<use prob1-1.pdf, page 2>
File: prob1-1.pdf Graphic file (type pdf)
<use prob1-1.pdf, page 3>
File: prob1-1.pdf Graphic file (type pdf)
<use prob1-1.pdf, page 4>
)
Overfull \vbox (49.46579pt too high) detected at line 297
 []

[22

] (./prob1-1.pdf_tex
File: prob1-1.pdf Graphic file (type pdf)
<use prob1-1.pdf, page 1>
File: prob1-1.pdf Graphic file (type pdf)
<use prob1-1.pdf, page 2>
File: prob1-1.pdf Graphic file (type pdf)
<use prob1-1.pdf, page 3>
File: prob1-1.pdf Graphic file (type pdf)
<use prob1-1.pdf, page 4>
) [23

] (./prob1-1.pdf_tex
File: prob1-1.pdf Graphic file (type pdf)
<use prob1-1.pdf, page 1>
File: prob1-1.pdf Graphic file (type pdf)
<use prob1-1.pdf, page 2>
File: prob1-1.pdf Graphic file (type pdf)
<use prob1-1.pdf, page 3>
File: prob1-1.pdf Graphic file (type pdf)
<use prob1-1.pdf, page 4>
) [24

] (./prob1-1.pdf_tex
File: prob1-1.pdf Graphic file (type pdf)
<use prob1-1.pdf, page 1>
File: prob1-1.pdf Graphic file (type pdf)
<use prob1-1.pdf, page 2>
File: prob1-1.pdf Graphic file (type pdf)
<use prob1-1.pdf, page 3>
File: prob1-1.pdf Graphic file (type pdf)
<use prob1-1.pdf, page 4>
) [25

] [26

] [27

] (./prob1-2.pdf_tex
File: prob1-2.pdf Graphic file (type pdf)
<use prob1-2.pdf, page 1>
File: prob1-2.pdf Graphic file (type pdf)
<use prob1-2.pdf, page 2>
File: prob1-2.pdf Graphic file (type pdf)
<use prob1-2.pdf, page 3>
File: prob1-2.pdf Graphic file (type pdf)
<use prob1-2.pdf, page 4>
File: prob1-2.pdf Graphic file (type pdf)
<use prob1-2.pdf, page 5>
) [28

] (./prob1-3.pdf_tex
File: prob1-3.pdf Graphic file (type pdf)
<use prob1-3.pdf, page 1>
File: prob1-3.pdf Graphic file (type pdf)
<use prob1-3.pdf, page 2>
File: prob1-3.pdf Graphic file (type pdf)
<use prob1-3.pdf, page 3>
)

Package hyperref Warning: Ignoring empty anchor on input line 349.

[29

] (./prob1-4.pdf_tex
File: prob1-4.pdf Graphic file (type pdf)
<use prob1-4.pdf, page 1>
)

Package hyperref Warning: Ignoring empty anchor on input line 355.

[30

] [31

] (./prob1-5.pdf_tex
File: prob1-5.pdf Graphic file (type pdf)
<use prob1-5.pdf, page 1>
File: prob1-5.pdf Graphic file (type pdf)
<use prob1-5.pdf, page 2>
File: prob1-5.pdf Graphic file (type pdf)
<use prob1-5.pdf, page 3>
)

Package hyperref Warning: Ignoring empty anchor on input line 367.

[32

] (./prob1-6.pdf_tex
File: prob1-6.pdf Graphic file (type pdf)
<use prob1-6.pdf, page 1>
File: prob1-6.pdf Graphic file (type pdf)
<use prob1-6.pdf, page 2>
File: prob1-6.pdf Graphic file (type pdf)
<use prob1-6.pdf, page 3>
)

Package hyperref Warning: Ignoring empty anchor on input line 372.

[33

] (./prob1-7.pdf_tex
File: prob1-7.pdf Graphic file (type pdf)
<use prob1-7.pdf, page 1>
File: prob1-7.pdf Graphic file (type pdf)
<use prob1-7.pdf, page 2>
File: prob1-7.pdf Graphic file (type pdf)
<use prob1-7.pdf, page 3>
File: prob1-7.pdf Graphic file (type pdf)
<use prob1-7.pdf, page 4>
File: prob1-7.pdf Graphic file (type pdf)
<use prob1-7.pdf, page 5>
)

Package hyperref Warning: Ignoring empty anchor on input line 378.

[34

] (./prob1-7.pdf_tex
File: prob1-7.pdf Graphic file (type pdf)
<use prob1-7.pdf, page 1>
File: prob1-7.pdf Graphic file (type pdf)
<use prob1-7.pdf, page 2>
File: prob1-7.pdf Graphic file (type pdf)
<use prob1-7.pdf, page 3>
File: prob1-7.pdf Graphic file (type pdf)
<use prob1-7.pdf, page 4>
File: prob1-7.pdf Graphic file (type pdf)
<use prob1-7.pdf, page 5>
)

Package hyperref Warning: Ignoring empty anchor on input line 394.

[35

] (./prob1-7.pdf_tex
File: prob1-7.pdf Graphic file (type pdf)
<use prob1-7.pdf, page 1>
File: prob1-7.pdf Graphic file (type pdf)
<use prob1-7.pdf, page 2>
File: prob1-7.pdf Graphic file (type pdf)
<use prob1-7.pdf, page 3>
File: prob1-7.pdf Graphic file (type pdf)
<use prob1-7.pdf, page 4>
File: prob1-7.pdf Graphic file (type pdf)
<use prob1-7.pdf, page 5>
)

Package hyperref Warning: Ignoring empty anchor on input line 406.

[36

] (./prob1-7.pdf_tex
File: prob1-7.pdf Graphic file (type pdf)
<use prob1-7.pdf, page 1>
File: prob1-7.pdf Graphic file (type pdf)
<use prob1-7.pdf, page 2>
File: prob1-7.pdf Graphic file (type pdf)
<use prob1-7.pdf, page 3>
File: prob1-7.pdf Graphic file (type pdf)
<use prob1-7.pdf, page 4>
File: prob1-7.pdf Graphic file (type pdf)
<use prob1-7.pdf, page 5>
)

Package hyperref Warning: Ignoring empty anchor on input line 408.

[37

] (./prob1-7.pdf_tex
File: prob1-7.pdf Graphic file (type pdf)
<use prob1-7.pdf, page 1>
File: prob1-7.pdf Graphic file (type pdf)
<use prob1-7.pdf, page 2>
File: prob1-7.pdf Graphic file (type pdf)
<use prob1-7.pdf, page 3>
File: prob1-7.pdf Graphic file (type pdf)
<use prob1-7.pdf, page 4>
File: prob1-7.pdf Graphic file (type pdf)
<use prob1-7.pdf, page 5>
)

Package hyperref Warning: Ignoring empty anchor on input line 415.

[38

] [39

] (./prob1-4.pdf_tex
File: prob1-4.pdf Graphic file (type pdf)
<use prob1-4.pdf, page 1>
)

Package hyperref Warning: Ignoring empty anchor on input line 425.

[40

] (./prob1-7.pdf_tex
File: prob1-7.pdf Graphic file (type pdf)
<use prob1-7.pdf, page 1>
File: prob1-7.pdf Graphic file (type pdf)
<use prob1-7.pdf, page 2>
File: prob1-7.pdf Graphic file (type pdf)
<use prob1-7.pdf, page 3>
File: prob1-7.pdf Graphic file (type pdf)
<use prob1-7.pdf, page 4>
File: prob1-7.pdf Graphic file (type pdf)
<use prob1-7.pdf, page 5>
)

Package hyperref Warning: Ignoring empty anchor on input line 446.

[41

] (./prob1-7.pdf_tex
File: prob1-7.pdf Graphic file (type pdf)
<use prob1-7.pdf, page 1>
File: prob1-7.pdf Graphic file (type pdf)
<use prob1-7.pdf, page 2>
File: prob1-7.pdf Graphic file (type pdf)
<use prob1-7.pdf, page 3>
File: prob1-7.pdf Graphic file (type pdf)
<use prob1-7.pdf, page 4>
File: prob1-7.pdf Graphic file (type pdf)
<use prob1-7.pdf, page 5>
) [42

] [43

] [44

] [45

] (./prob1_fric.pdf_tex
File: prob1_fric.pdf Graphic file (type pdf)
<use prob1_fric.pdf, page 1>
File: prob1_fric.pdf Graphic file (type pdf)
<use prob1_fric.pdf, page 2>
File: prob1_fric.pdf Graphic file (type pdf)
<use prob1_fric.pdf, page 3>
File: prob1_fric.pdf Graphic file (type pdf)
<use prob1_fric.pdf, page 4>
) [46

] (./prob1_fric.pdf_tex
File: prob1_fric.pdf Graphic file (type pdf)
<use prob1_fric.pdf, page 1>
File: prob1_fric.pdf Graphic file (type pdf)
<use prob1_fric.pdf, page 2>
File: prob1_fric.pdf Graphic file (type pdf)
<use prob1_fric.pdf, page 3>
File: prob1_fric.pdf Graphic file (type pdf)
<use prob1_fric.pdf, page 4>
) [47

] (./prob1_fric.pdf_tex
File: prob1_fric.pdf Graphic file (type pdf)
<use prob1_fric.pdf, page 1>
File: prob1_fric.pdf Graphic file (type pdf)
<use prob1_fric.pdf, page 2>
File: prob1_fric.pdf Graphic file (type pdf)
<use prob1_fric.pdf, page 3>
File: prob1_fric.pdf Graphic file (type pdf)
<use prob1_fric.pdf, page 4>
) [48

] (./prob1_fric.pdf_tex
File: prob1_fric.pdf Graphic file (type pdf)
<use prob1_fric.pdf, page 1>
File: prob1_fric.pdf Graphic file (type pdf)
<use prob1_fric.pdf, page 2>
File: prob1_fric.pdf Graphic file (type pdf)
<use prob1_fric.pdf, page 3>
File: prob1_fric.pdf Graphic file (type pdf)
<use prob1_fric.pdf, page 4>
) [49

] (./prob1_fric.pdf_tex
File: prob1_fric.pdf Graphic file (type pdf)
<use prob1_fric.pdf, page 1>
File: prob1_fric.pdf Graphic file (type pdf)
<use prob1_fric.pdf, page 2>
File: prob1_fric.pdf Graphic file (type pdf)
<use prob1_fric.pdf, page 3>
File: prob1_fric.pdf Graphic file (type pdf)
<use prob1_fric.pdf, page 4>
) [50

] (./prob1_fric.pdf_tex
File: prob1_fric.pdf Graphic file (type pdf)
<use prob1_fric.pdf, page 1>
File: prob1_fric.pdf Graphic file (type pdf)
<use prob1_fric.pdf, page 2>
File: prob1_fric.pdf Graphic file (type pdf)
<use prob1_fric.pdf, page 3>
File: prob1_fric.pdf Graphic file (type pdf)
<use prob1_fric.pdf, page 4>
) [51

] (./prob1fric2.pdf_tex
File: prob1fric2.pdf Graphic file (type pdf)
<use prob1fric2.pdf, page 1>
File: prob1fric2.pdf Graphic file (type pdf)
<use prob1fric2.pdf, page 2>
) [52

] (./prob1fric2.pdf_tex
File: prob1fric2.pdf Graphic file (type pdf)
<use prob1fric2.pdf, page 1>
File: prob1fric2.pdf Graphic file (type pdf)
<use prob1fric2.pdf, page 2>
) [53

] (./prob1fric2.pdf_tex
File: prob1fric2.pdf Graphic file (type pdf)
<use prob1fric2.pdf, page 1>
File: prob1fric2.pdf Graphic file (type pdf)
<use prob1fric2.pdf, page 2>
) [54

] (./prob1fric2.pdf_tex
File: prob1fric2.pdf Graphic file (type pdf)
<use prob1fric2.pdf, page 1>
File: prob1fric2.pdf Graphic file (type pdf)
<use prob1fric2.pdf, page 2>
) [55

] [56

] [57

] [58

] (./prob1_fric.pdf_tex
File: prob1_fric.pdf Graphic file (type pdf)
<use prob1_fric.pdf, page 1>
File: prob1_fric.pdf Graphic file (type pdf)
<use prob1_fric.pdf, page 2>
File: prob1_fric.pdf Graphic file (type pdf)
<use prob1_fric.pdf, page 3>
File: prob1_fric.pdf Graphic file (type pdf)
<use prob1_fric.pdf, page 4>
) (./prob1_fricA.pdf_tex
File: prob1_fricA.pdf Graphic file (type pdf)
<use prob1_fricA.pdf, page 1>
File: prob1_fricA.pdf Graphic file (type pdf)
<use prob1_fricA.pdf, page 2>
File: prob1_fricA.pdf Graphic file (type pdf)
<use prob1_fricA.pdf, page 3>
File: prob1_fricA.pdf Graphic file (type pdf)
<use prob1_fricA.pdf, page 4>
) [59

] (./prob1_fric.pdf_tex
File: prob1_fric.pdf Graphic file (type pdf)
<use prob1_fric.pdf, page 1>
File: prob1_fric.pdf Graphic file (type pdf)
<use prob1_fric.pdf, page 2>
File: prob1_fric.pdf Graphic file (type pdf)
<use prob1_fric.pdf, page 3>
File: prob1_fric.pdf Graphic file (type pdf)
<use prob1_fric.pdf, page 4>
) (./prob1_fricA.pdf_tex
File: prob1_fricA.pdf Graphic file (type pdf)
<use prob1_fricA.pdf, page 1>
File: prob1_fricA.pdf Graphic file (type pdf)
<use prob1_fricA.pdf, page 2>
File: prob1_fricA.pdf Graphic file (type pdf)
<use prob1_fricA.pdf, page 3>
File: prob1_fricA.pdf Graphic file (type pdf)
<use prob1_fricA.pdf, page 4>
) [60

] (./prob1_fric.pdf_tex
File: prob1_fric.pdf Graphic file (type pdf)
<use prob1_fric.pdf, page 1>
File: prob1_fric.pdf Graphic file (type pdf)
<use prob1_fric.pdf, page 2>
File: prob1_fric.pdf Graphic file (type pdf)
<use prob1_fric.pdf, page 3>
File: prob1_fric.pdf Graphic file (type pdf)
<use prob1_fric.pdf, page 4>
) (./prob1_fricA.pdf_tex
File: prob1_fricA.pdf Graphic file (type pdf)
<use prob1_fricA.pdf, page 1>
File: prob1_fricA.pdf Graphic file (type pdf)
<use prob1_fricA.pdf, page 2>
File: prob1_fricA.pdf Graphic file (type pdf)
<use prob1_fricA.pdf, page 3>
File: prob1_fricA.pdf Graphic file (type pdf)
<use prob1_fricA.pdf, page 4>
) [61

] [62

] (./prob2_1.pdf_tex
File: prob2_1.pdf Graphic file (type pdf)
<use prob2_1.pdf, page 1>
File: prob2_1.pdf Graphic file (type pdf)
<use prob2_1.pdf, page 2>
File: prob2_1.pdf Graphic file (type pdf)
<use prob2_1.pdf, page 3>
) [63

] (./prob2_2.pdf_tex
File: prob2_2.pdf Graphic file (type pdf)
<use prob2_2.pdf, page 1>
File: prob2_2.pdf Graphic file (type pdf)
<use prob2_2.pdf, page 2>
File: prob2_2.pdf Graphic file (type pdf)
<use prob2_2.pdf, page 3>
File: prob2_2.pdf Graphic file (type pdf)
<use prob2_2.pdf, page 4>
File: prob2_2.pdf Graphic file (type pdf)
<use prob2_2.pdf, page 5>
File: prob2_2.pdf Graphic file (type pdf)
<use prob2_2.pdf, page 6>
File: prob2_2.pdf Graphic file (type pdf)
<use prob2_2.pdf, page 7>
) [64

] (./prob2_3.pdf_tex
File: prob2_3.pdf Graphic file (type pdf)
<use prob2_3.pdf, page 1>
File: prob2_3.pdf Graphic file (type pdf)
<use prob2_3.pdf, page 2>
File: prob2_3.pdf Graphic file (type pdf)
<use prob2_3.pdf, page 3>
File: prob2_3.pdf Graphic file (type pdf)
<use prob2_3.pdf, page 4>
File: prob2_3.pdf Graphic file (type pdf)
<use prob2_3.pdf, page 5>
File: prob2_3.pdf Graphic file (type pdf)
<use prob2_3.pdf, page 6>
File: prob2_3.pdf Graphic file (type pdf)
<use prob2_3.pdf, page 7>
File: prob2_3.pdf Graphic file (type pdf)
<use prob2_3.pdf, page 8>
File: prob2_3.pdf Graphic file (type pdf)
<use prob2_3.pdf, page 9>
)

Package hyperref Warning: Ignoring empty anchor on input line 636.

[65

] (./prob2_3.pdf_tex
File: prob2_3.pdf Graphic file (type pdf)
<use prob2_3.pdf, page 1>
File: prob2_3.pdf Graphic file (type pdf)
<use prob2_3.pdf, page 2>
File: prob2_3.pdf Graphic file (type pdf)
<use prob2_3.pdf, page 3>
File: prob2_3.pdf Graphic file (type pdf)
<use prob2_3.pdf, page 4>
File: prob2_3.pdf Graphic file (type pdf)
<use prob2_3.pdf, page 5>
File: prob2_3.pdf Graphic file (type pdf)
<use prob2_3.pdf, page 6>
File: prob2_3.pdf Graphic file (type pdf)
<use prob2_3.pdf, page 7>
File: prob2_3.pdf Graphic file (type pdf)
<use prob2_3.pdf, page 8>
File: prob2_3.pdf Graphic file (type pdf)
<use prob2_3.pdf, page 9>
) [66

] (./prob2_3.pdf_tex
File: prob2_3.pdf Graphic file (type pdf)
<use prob2_3.pdf, page 1>
File: prob2_3.pdf Graphic file (type pdf)
<use prob2_3.pdf, page 2>
File: prob2_3.pdf Graphic file (type pdf)
<use prob2_3.pdf, page 3>
File: prob2_3.pdf Graphic file (type pdf)
<use prob2_3.pdf, page 4>
File: prob2_3.pdf Graphic file (type pdf)
<use prob2_3.pdf, page 5>
File: prob2_3.pdf Graphic file (type pdf)
<use prob2_3.pdf, page 6>
File: prob2_3.pdf Graphic file (type pdf)
<use prob2_3.pdf, page 7>
File: prob2_3.pdf Graphic file (type pdf)
<use prob2_3.pdf, page 8>
File: prob2_3.pdf Graphic file (type pdf)
<use prob2_3.pdf, page 9>
) [67

] (./prob2_3.pdf_tex
File: prob2_3.pdf Graphic file (type pdf)
<use prob2_3.pdf, page 1>
File: prob2_3.pdf Graphic file (type pdf)
<use prob2_3.pdf, page 2>
File: prob2_3.pdf Graphic file (type pdf)
<use prob2_3.pdf, page 3>
File: prob2_3.pdf Graphic file (type pdf)
<use prob2_3.pdf, page 4>
File: prob2_3.pdf Graphic file (type pdf)
<use prob2_3.pdf, page 5>
File: prob2_3.pdf Graphic file (type pdf)
<use prob2_3.pdf, page 6>
File: prob2_3.pdf Graphic file (type pdf)
<use prob2_3.pdf, page 7>
File: prob2_3.pdf Graphic file (type pdf)
<use prob2_3.pdf, page 8>
File: prob2_3.pdf Graphic file (type pdf)
<use prob2_3.pdf, page 9>
) [68

] (./prob2_3.pdf_tex
File: prob2_3.pdf Graphic file (type pdf)
<use prob2_3.pdf, page 1>
File: prob2_3.pdf Graphic file (type pdf)
<use prob2_3.pdf, page 2>
File: prob2_3.pdf Graphic file (type pdf)
<use prob2_3.pdf, page 3>
File: prob2_3.pdf Graphic file (type pdf)
<use prob2_3.pdf, page 4>
File: prob2_3.pdf Graphic file (type pdf)
<use prob2_3.pdf, page 5>
File: prob2_3.pdf Graphic file (type pdf)
<use prob2_3.pdf, page 6>
File: prob2_3.pdf Graphic file (type pdf)
<use prob2_3.pdf, page 7>
File: prob2_3.pdf Graphic file (type pdf)
<use prob2_3.pdf, page 8>
File: prob2_3.pdf Graphic file (type pdf)
<use prob2_3.pdf, page 9>
) [69

] (./prob2_3.pdf_tex
File: prob2_3.pdf Graphic file (type pdf)
<use prob2_3.pdf, page 1>
File: prob2_3.pdf Graphic file (type pdf)
<use prob2_3.pdf, page 2>
File: prob2_3.pdf Graphic file (type pdf)
<use prob2_3.pdf, page 3>
File: prob2_3.pdf Graphic file (type pdf)
<use prob2_3.pdf, page 4>
File: prob2_3.pdf Graphic file (type pdf)
<use prob2_3.pdf, page 5>
File: prob2_3.pdf Graphic file (type pdf)
<use prob2_3.pdf, page 6>
File: prob2_3.pdf Graphic file (type pdf)
<use prob2_3.pdf, page 7>
File: prob2_3.pdf Graphic file (type pdf)
<use prob2_3.pdf, page 8>
File: prob2_3.pdf Graphic file (type pdf)
<use prob2_3.pdf, page 9>
)
Overfull \vbox (14.62584pt too high) detected at line 646
 []

[70

]
Underfull \hbox (badness 1859) in paragraph at lines 661--661
[]\TU/lmr/m/n/9 We need the Radius of Rotation,
 []

(./prob2_4.pdf_tex
File: prob2_4.pdf Graphic file (type pdf)
<use prob2_4.pdf, page 1>
File: prob2_4.pdf Graphic file (type pdf)
<use prob2_4.pdf, page 2>
File: prob2_4.pdf Graphic file (type pdf)
<use prob2_4.pdf, page 3>
File: prob2_4.pdf Graphic file (type pdf)
<use prob2_4.pdf, page 4>
File: prob2_4.pdf Graphic file (type pdf)
<use prob2_4.pdf, page 5>
File: prob2_4.pdf Graphic file (type pdf)
<use prob2_4.pdf, page 6>
File: prob2_4.pdf Graphic file (type pdf)
<use prob2_4.pdf, page 7>
File: prob2_4.pdf Graphic file (type pdf)
<use prob2_4.pdf, page 8>
File: prob2_4.pdf Graphic file (type pdf)
<use prob2_4.pdf, page 9>
File: prob2_4.pdf Graphic file (type pdf)
<use prob2_4.pdf, page 10>
) [71

] [72

] (./torque.pdf_tex
File: torque.pdf Graphic file (type pdf)
<use torque.pdf, page 1>
File: torque.pdf Graphic file (type pdf)
<use torque.pdf, page 2>
File: torque.pdf Graphic file (type pdf)
<use torque.pdf, page 3>
) [73

] (./torque_sin.pdf_tex
File: torque_sin.pdf Graphic file (type pdf)
<use torque_sin.pdf, page 1>
File: torque_sin.pdf Graphic file (type pdf)
<use torque_sin.pdf, page 2>
File: torque_sin.pdf Graphic file (type pdf)
<use torque_sin.pdf, page 3>
)
Overfull \vbox (16.45856pt too high) detected at line 704
 []

[74

] [75

] (./prob3_1.pdf_tex
File: prob3_1.pdf Graphic file (type pdf)
<use prob3_1.pdf, page 1>
File: prob3_1.pdf Graphic file (type pdf)
<use prob3_1.pdf, page 2>
) [76

] (./prob3_1.pdf_tex
File: prob3_1.pdf Graphic file (type pdf)
<use prob3_1.pdf, page 1>
File: prob3_1.pdf Graphic file (type pdf)
<use prob3_1.pdf, page 2>
) (./prob3_2.pdf_tex
File: prob3_2.pdf Graphic file (type pdf)
<use prob3_2.pdf, page 1>
File: prob3_2.pdf Graphic file (type pdf)
<use prob3_2.pdf, page 2>
) [77

] (./prob3_3.pdf_tex
File: prob3_3.pdf Graphic file (type pdf)
<use prob3_3.pdf, page 1>
File: prob3_3.pdf Graphic file (type pdf)
<use prob3_3.pdf, page 2>
File: prob3_3.pdf Graphic file (type pdf)
<use prob3_3.pdf, page 3>
File: prob3_3.pdf Graphic file (type pdf)
<use prob3_3.pdf, page 4>
File: prob3_3.pdf Graphic file (type pdf)
<use prob3_3.pdf, page 5>
)
Overfull \vbox (3.67584pt too high) detected at line 741
 []

[78

] (./prob3_3.pdf_tex
File: prob3_3.pdf Graphic file (type pdf)
<use prob3_3.pdf, page 1>
File: prob3_3.pdf Graphic file (type pdf)
<use prob3_3.pdf, page 2>
File: prob3_3.pdf Graphic file (type pdf)
<use prob3_3.pdf, page 3>
File: prob3_3.pdf Graphic file (type pdf)
<use prob3_3.pdf, page 4>
File: prob3_3.pdf Graphic file (type pdf)
<use prob3_3.pdf, page 5>
) [79

] [80

] [81

] [82

] [83

] [84

] [85

] [86

] [87

] (./prob3_3.pdf_tex
File: prob3_3.pdf Graphic file (type pdf)
<use prob3_3.pdf, page 1>
File: prob3_3.pdf Graphic file (type pdf)
<use prob3_3.pdf, page 2>
File: prob3_3.pdf Graphic file (type pdf)
<use prob3_3.pdf, page 3>
File: prob3_3.pdf Graphic file (type pdf)
<use prob3_3.pdf, page 4>
File: prob3_3.pdf Graphic file (type pdf)
<use prob3_3.pdf, page 5>
)

Package hyperref Warning: Ignoring empty anchor on input line 804.


Overfull \vbox (3.67584pt too high) detected at line 804
 []

[88

]
\tf@nav=\write8
\openout8 = `day1.nav'.

\tf@toc=\write9
\openout9 = `day1.toc'.

\tf@snm=\write10
\openout10 = `day1.snm'.

Package atveryend Info: Empty hook `BeforeClearDocument' on input line 820.
Package atveryend Info: Empty hook `AfterLastShipout' on input line 820.
 (./day1.aux)
Package atveryend Info: Empty hook `AtVeryEndDocument' on input line 820.
Package atveryend Info: Executing hook `AtEndAfterFileList' on input line 820.
Package rerunfilecheck Info: File `day1.out' has not changed.
(rerunfilecheck)             Checksum: D41D8CD98F00B204E9800998ECF8427E;0.


LaTeX Font Warning: Size substitutions with differences
(Font)              up to 10.12pt have occurred.


LaTeX Warning: There were multiply-defined labels.

 ) 
Here is how much of TeX's memory you used:
 32714 strings out of 479819
 656298 string characters out of 5895847
 975831 words of memory out of 5000000
 48967 multiletter control sequences out of 15000+600000
 543719 words of font info for 88 fonts, out of 8000000 for 9000
 1348 hyphenation exceptions out of 8191
 64i,22n,103p,790b,1038s stack positions out of 5000i,500n,10000p,200000b,80000s

Output written on day1.pdf (88 pages).
